  Building Custom Rule D:/UCSP/Semestres/Semestre_VIII/Redes/Redes/Juego1/src/gradius/CMakeLists.txt
  Mesh.cpp
D:\UCSP\Semestres\Semestre_VIII\Redes\Redes\Juego1\src\gradius\include\shader.h(81,32): warning C4101: 'e': unreferenced local variable
D:\UCSP\Semestres\Semestre_VIII\Redes\Redes\Juego1\src\gradius\src\Mesh.cpp(93,85): warning C4267: 'argument': conversion from 'size_t' to 'GLsizei', possible loss of data
D:\UCSP\Semestres\Semestre_VIII\Redes\Redes\Juego1\src\gradius\src\Mesh.cpp(95,68): warning C4267: 'argument': conversion from 'size_t' to 'GLsizei', possible loss of data
  Model.cpp
D:\UCSP\Semestres\Semestre_VIII\Redes\Redes\Juego1\src\gradius\include\shader.h(81,32): warning C4101: 'e': unreferenced local variable
  main.cpp
D:\UCSP\Semestres\Semestre_VIII\Redes\Redes\Juego1\src\gradius\include\shader.h(81,32): warning C4101: 'e': unreferenced local variable
D:\UCSP\Semestres\Semestre_VIII\Redes\Redes\Juego1\src\gradius\include\camera.h(72,13): warning C4552: '-': result of expression not used
D:\UCSP\Semestres\Semestre_VIII\Redes\Redes\Juego1\src\gradius\src\main.cpp(34,13): warning C4244: 'initializing': conversion from 'int' to 'float', possible loss of data
D:\UCSP\Semestres\Semestre_VIII\Redes\Redes\Juego1\src\gradius\src\main.cpp(34,38): warning C4244: 'initializing': conversion from 'int' to 'float', possible loss of data
D:\UCSP\Semestres\Semestre_VIII\Redes\Redes\Juego1\src\gradius\src\main.cpp(129,14): warning C4244: 'initializing': conversion from 'double' to 'float', possible loss of data
  Generating Code...
D:\UCSP\Semestres\Semestre_VIII\Redes\Redes\Juego1\src\gradius\src\main.cpp(302): warning C4715: 'setOpenGLSettings': not all control paths return a value
glfw3.lib(init.obj) : warning LNK4099: PDB 'glfw.pdb' was not found with 'glfw3.lib(init.obj)' or at 'D:\UCSP\Semestres\Semestre_VIII\Redes\Redes\Juego1\build\mak.vc16\x64\src\gradius\Debug\glfw.pdb'; linking object as if no debug info
glfw3.lib(window.obj) : warning LNK4099: PDB 'glfw.pdb' was not found with 'glfw3.lib(window.obj)' or at 'D:\UCSP\Semestres\Semestre_VIII\Redes\Redes\Juego1\build\mak.vc16\x64\src\gradius\Debug\glfw.pdb'; linking object as if no debug info
glfw3.lib(input.obj) : warning LNK4099: PDB 'glfw.pdb' was not found with 'glfw3.lib(input.obj)' or at 'D:\UCSP\Semestres\Semestre_VIII\Redes\Redes\Juego1\build\mak.vc16\x64\src\gradius\Debug\glfw.pdb'; linking object as if no debug info
glfw3.lib(context.obj) : warning LNK4099: PDB 'glfw.pdb' was not found with 'glfw3.lib(context.obj)' or at 'D:\UCSP\Semestres\Semestre_VIII\Redes\Redes\Juego1\build\mak.vc16\x64\src\gradius\Debug\glfw.pdb'; linking object as if no debug info
glfw3.lib(win32_init.obj) : warning LNK4099: PDB 'glfw.pdb' was not found with 'glfw3.lib(win32_init.obj)' or at 'D:\UCSP\Semestres\Semestre_VIII\Redes\Redes\Juego1\build\mak.vc16\x64\src\gradius\Debug\glfw.pdb'; linking object as if no debug info
glfw3.lib(win32_monitor.obj) : warning LNK4099: PDB 'glfw.pdb' was not found with 'glfw3.lib(win32_monitor.obj)' or at 'D:\UCSP\Semestres\Semestre_VIII\Redes\Redes\Juego1\build\mak.vc16\x64\src\gradius\Debug\glfw.pdb'; linking object as if no debug info
glfw3.lib(win32_time.obj) : warning LNK4099: PDB 'glfw.pdb' was not found with 'glfw3.lib(win32_time.obj)' or at 'D:\UCSP\Semestres\Semestre_VIII\Redes\Redes\Juego1\build\mak.vc16\x64\src\gradius\Debug\glfw.pdb'; linking object as if no debug info
glfw3.lib(win32_thread.obj) : warning LNK4099: PDB 'glfw.pdb' was not found with 'glfw3.lib(win32_thread.obj)' or at 'D:\UCSP\Semestres\Semestre_VIII\Redes\Redes\Juego1\build\mak.vc16\x64\src\gradius\Debug\glfw.pdb'; linking object as if no debug info
glfw3.lib(monitor.obj) : warning LNK4099: PDB 'glfw.pdb' was not found with 'glfw3.lib(monitor.obj)' or at 'D:\UCSP\Semestres\Semestre_VIII\Redes\Redes\Juego1\build\mak.vc16\x64\src\gradius\Debug\glfw.pdb'; linking object as if no debug info
glfw3.lib(vulkan.obj) : warning LNK4099: PDB 'glfw.pdb' was not found with 'glfw3.lib(vulkan.obj)' or at 'D:\UCSP\Semestres\Semestre_VIII\Redes\Redes\Juego1\build\mak.vc16\x64\src\gradius\Debug\glfw.pdb'; linking object as if no debug info
glfw3.lib(win32_window.obj) : warning LNK4099: PDB 'glfw.pdb' was not found with 'glfw3.lib(win32_window.obj)' or at 'D:\UCSP\Semestres\Semestre_VIII\Redes\Redes\Juego1\build\mak.vc16\x64\src\gradius\Debug\glfw.pdb'; linking object as if no debug info
glfw3.lib(win32_joystick.obj) : warning LNK4099: PDB 'glfw.pdb' was not found with 'glfw3.lib(win32_joystick.obj)' or at 'D:\UCSP\Semestres\Semestre_VIII\Redes\Redes\Juego1\build\mak.vc16\x64\src\gradius\Debug\glfw.pdb'; linking object as if no debug info
glfw3.lib(wgl_context.obj) : warning LNK4099: PDB 'glfw.pdb' was not found with 'glfw3.lib(wgl_context.obj)' or at 'D:\UCSP\Semestres\Semestre_VIII\Redes\Redes\Juego1\build\mak.vc16\x64\src\gradius\Debug\glfw.pdb'; linking object as if no debug info
glfw3.lib(egl_context.obj) : warning LNK4099: PDB 'glfw.pdb' was not found with 'glfw3.lib(egl_context.obj)' or at 'D:\UCSP\Semestres\Semestre_VIII\Redes\Redes\Juego1\build\mak.vc16\x64\src\gradius\Debug\glfw.pdb'; linking object as if no debug info
glfw3.lib(osmesa_context.obj) : warning LNK4099: PDB 'glfw.pdb' was not found with 'glfw3.lib(osmesa_context.obj)' or at 'D:\UCSP\Semestres\Semestre_VIII\Redes\Redes\Juego1\build\mak.vc16\x64\src\gradius\Debug\glfw.pdb'; linking object as if no debug info
LINK : warning LNK4098: defaultlib 'LIBCMTD' conflicts with use of other libs; use /NODEFAULTLIB:library
  GradiusClone.vcxproj -> D:\UCSP\Semestres\Semestre_VIII\Redes\Redes\Juego1\build\mak.vc16\x64\src\gradius\Debug\GradiusClone.exe
